2023-06-14 10:43:47,030 [Worker-6: Loading available Gradle versions] INFO  o.e.b.c.i.u.g.PublishedGradleVersions - Gradle version information cache is up-to-date. Trying to read.
2023-06-14 11:02:59,930 [Worker-23: Launching mavenrun-c38f5e95-fb03-4522-84a9-b6ea02435aaa] INFO  o.eclipse.m2e.core.internal.Bundles - getClasspathEntries(Bundle=org.eclipse.m2e.maven.runtime_3.8.701.20230209-1606 [609])
2023-06-14 11:03:00,111 [Worker-23: Launching mavenrun-c38f5e95-fb03-4522-84a9-b6ea02435aaa] INFO  o.eclipse.m2e.core.internal.Bundles - 	Entry: C:\Users\Acer\.p2\pool\plugins\org.eclipse.m2e.maven.runtime_3.8.701.20230209-1606
2023-06-14 11:03:00,111 [Worker-23: Launching mavenrun-c38f5e95-fb03-4522-84a9-b6ea02435aaa] INFO  o.eclipse.m2e.core.internal.Bundles - 	Entry: C:\Users\Acer\.p2\pool\plugins\org.eclipse.m2e.maven.runtime_3.8.701.20230209-1606\jars\aether-connector-okhttp-0.17.8.jar
2023-06-14 11:03:00,112 [Worker-23: Launching mavenrun-c38f5e95-fb03-4522-84a9-b6ea02435aaa] INFO  o.eclipse.m2e.core.internal.Bundles - 	Entry: C:\Users\Acer\.p2\pool\plugins\org.eclipse.m2e.maven.runtime_3.8.701.20230209-1606\jars\commons-lang3-3.8.1.jar
2023-06-14 11:03:00,112 [Worker-23: Launching mavenrun-c38f5e95-fb03-4522-84a9-b6ea02435aaa] INFO  o.eclipse.m2e.core.internal.Bundles - 	Entry: C:\Users\Acer\.p2\pool\plugins\org.eclipse.m2e.maven.runtime_3.8.701.20230209-1606\jars\guice-4.2.2-no_aop.jar
2023-06-14 11:03:00,112 [Worker-23: Launching mavenrun-c38f5e95-fb03-4522-84a9-b6ea02435aaa] INFO  o.eclipse.m2e.core.internal.Bundles - 	Entry: C:\Users\Acer\.p2\pool\plugins\org.eclipse.m2e.maven.runtime_3.8.701.20230209-1606\jars\jansi-2.4.0.jar
2023-06-14 11:03:00,112 [Worker-23: Launching mavenrun-c38f5e95-fb03-4522-84a9-b6ea02435aaa] INFO  o.eclipse.m2e.core.internal.Bundles - 	Entry: C:\Users\Acer\.p2\pool\plugins\org.eclipse.m2e.maven.runtime_3.8.701.20230209-1606\jars\maven-artifact-3.8.7.jar
2023-06-14 11:03:00,112 [Worker-23: Launching mavenrun-c38f5e95-fb03-4522-84a9-b6ea02435aaa] INFO  o.eclipse.m2e.core.internal.Bundles - 	Entry: C:\Users\Acer\.p2\pool\plugins\org.eclipse.m2e.maven.runtime_3.8.701.20230209-1606\jars\maven-builder-support-3.8.7.jar
2023-06-14 11:03:00,112 [Worker-23: Launching mavenrun-c38f5e95-fb03-4522-84a9-b6ea02435aaa] INFO  o.eclipse.m2e.core.internal.Bundles - 	Entry: C:\Users\Acer\.p2\pool\plugins\org.eclipse.m2e.maven.runtime_3.8.701.20230209-1606\jars\maven-compat-3.8.7.jar
2023-06-14 11:03:00,112 [Worker-23: Launching mavenrun-c38f5e95-fb03-4522-84a9-b6ea02435aaa] INFO  o.eclipse.m2e.core.internal.Bundles - 	Entry: C:\Users\Acer\.p2\pool\plugins\org.eclipse.m2e.maven.runtime_3.8.701.20230209-1606\jars\maven-core-3.8.7.jar
2023-06-14 11:03:00,112 [Worker-23: Launching mavenrun-c38f5e95-fb03-4522-84a9-b6ea02435aaa] INFO  o.eclipse.m2e.core.internal.Bundles - 	Entry: C:\Users\Acer\.p2\pool\plugins\org.eclipse.m2e.maven.runtime_3.8.701.20230209-1606\jars\maven-embedder-3.8.7.jar
2023-06-14 11:03:00,112 [Worker-23: Launching mavenrun-c38f5e95-fb03-4522-84a9-b6ea02435aaa] INFO  o.eclipse.m2e.core.internal.Bundles - 	Entry: C:\Users\Acer\.p2\pool\plugins\org.eclipse.m2e.maven.runtime_3.8.701.20230209-1606\jars\maven-model-3.8.7.jar
2023-06-14 11:03:00,112 [Worker-23: Launching mavenrun-c38f5e95-fb03-4522-84a9-b6ea02435aaa] INFO  o.eclipse.m2e.core.internal.Bundles - 	Entry: C:\Users\Acer\.p2\pool\plugins\org.eclipse.m2e.maven.runtime_3.8.701.20230209-1606\jars\maven-model-builder-3.8.7.jar
2023-06-14 11:03:00,112 [Worker-23: Launching mavenrun-c38f5e95-fb03-4522-84a9-b6ea02435aaa] INFO  o.eclipse.m2e.core.internal.Bundles - 	Entry: C:\Users\Acer\.p2\pool\plugins\org.eclipse.m2e.maven.runtime_3.8.701.20230209-1606\jars\maven-plugin-api-3.8.7.jar
2023-06-14 11:03:00,113 [Worker-23: Launching mavenrun-c38f5e95-fb03-4522-84a9-b6ea02435aaa] INFO  o.eclipse.m2e.core.internal.Bundles - 	Entry: C:\Users\Acer\.p2\pool\plugins\org.eclipse.m2e.maven.runtime_3.8.701.20230209-1606\jars\maven-repository-metadata-3.8.7.jar
2023-06-14 11:03:00,113 [Worker-23: Launching mavenrun-c38f5e95-fb03-4522-84a9-b6ea02435aaa] INFO  o.eclipse.m2e.core.internal.Bundles - 	Entry: C:\Users\Acer\.p2\pool\plugins\org.eclipse.m2e.maven.runtime_3.8.701.20230209-1606\jars\maven-resolver-api-1.6.3.jar
2023-06-14 11:03:00,113 [Worker-23: Launching mavenrun-c38f5e95-fb03-4522-84a9-b6ea02435aaa] INFO  o.eclipse.m2e.core.internal.Bundles - 	Entry: C:\Users\Acer\.p2\pool\plugins\org.eclipse.m2e.maven.runtime_3.8.701.20230209-1606\jars\maven-resolver-connector-basic-1.6.3.jar
2023-06-14 11:03:00,113 [Worker-23: Launching mavenrun-c38f5e95-fb03-4522-84a9-b6ea02435aaa] INFO  o.eclipse.m2e.core.internal.Bundles - 	Entry: C:\Users\Acer\.p2\pool\plugins\org.eclipse.m2e.maven.runtime_3.8.701.20230209-1606\jars\maven-resolver-impl-1.6.3.jar
2023-06-14 11:03:00,113 [Worker-23: Launching mavenrun-c38f5e95-fb03-4522-84a9-b6ea02435aaa] INFO  o.eclipse.m2e.core.internal.Bundles - 	Entry: C:\Users\Acer\.p2\pool\plugins\org.eclipse.m2e.maven.runtime_3.8.701.20230209-1606\jars\maven-resolver-provider-3.8.7.jar
2023-06-14 11:03:00,113 [Worker-23: Launching mavenrun-c38f5e95-fb03-4522-84a9-b6ea02435aaa] INFO  o.eclipse.m2e.core.internal.Bundles - 	Entry: C:\Users\Acer\.p2\pool\plugins\org.eclipse.m2e.maven.runtime_3.8.701.20230209-1606\jars\maven-resolver-spi-1.6.3.jar
2023-06-14 11:03:00,113 [Worker-23: Launching mavenrun-c38f5e95-fb03-4522-84a9-b6ea02435aaa] INFO  o.eclipse.m2e.core.internal.Bundles - 	Entry: C:\Users\Acer\.p2\pool\plugins\org.eclipse.m2e.maven.runtime_3.8.701.20230209-1606\jars\maven-resolver-transport-wagon-1.6.3.jar
2023-06-14 11:03:00,113 [Worker-23: Launching mavenrun-c38f5e95-fb03-4522-84a9-b6ea02435aaa] INFO  o.eclipse.m2e.core.internal.Bundles - 	Entry: C:\Users\Acer\.p2\pool\plugins\org.eclipse.m2e.maven.runtime_3.8.701.20230209-1606\jars\maven-resolver-util-1.6.3.jar
2023-06-14 11:03:00,113 [Worker-23: Launching mavenrun-c38f5e95-fb03-4522-84a9-b6ea02435aaa] INFO  o.eclipse.m2e.core.internal.Bundles - 	Entry: C:\Users\Acer\.p2\pool\plugins\org.eclipse.m2e.maven.runtime_3.8.701.20230209-1606\jars\maven-settings-3.8.7.jar
2023-06-14 11:03:00,113 [Worker-23: Launching mavenrun-c38f5e95-fb03-4522-84a9-b6ea02435aaa] INFO  o.eclipse.m2e.core.internal.Bundles - 	Entry: C:\Users\Acer\.p2\pool\plugins\org.eclipse.m2e.maven.runtime_3.8.701.20230209-1606\jars\maven-settings-builder-3.8.7.jar
2023-06-14 11:03:00,113 [Worker-23: Launching mavenrun-c38f5e95-fb03-4522-84a9-b6ea02435aaa] INFO  o.eclipse.m2e.core.internal.Bundles - 	Entry: C:\Users\Acer\.p2\pool\plugins\org.eclipse.m2e.maven.runtime_3.8.701.20230209-1606\jars\maven-shared-utils-3.3.4.jar
2023-06-14 11:03:00,113 [Worker-23: Launching mavenrun-c38f5e95-fb03-4522-84a9-b6ea02435aaa] INFO  o.eclipse.m2e.core.internal.Bundles - 	Entry: C:\Users\Acer\.p2\pool\plugins\org.eclipse.m2e.maven.runtime_3.8.701.20230209-1606\jars\okhttp-3.14.1.jar
2023-06-14 11:03:00,114 [Worker-23: Launching mavenrun-c38f5e95-fb03-4522-84a9-b6ea02435aaa] INFO  o.eclipse.m2e.core.internal.Bundles - 	Entry: C:\Users\Acer\.p2\pool\plugins\org.eclipse.m2e.maven.runtime_3.8.701.20230209-1606\jars\okio-1.17.3.jar
2023-06-14 11:03:00,114 [Worker-23: Launching mavenrun-c38f5e95-fb03-4522-84a9-b6ea02435aaa] INFO  o.eclipse.m2e.core.internal.Bundles - 	Entry: C:\Users\Acer\.p2\pool\plugins\org.eclipse.m2e.maven.runtime_3.8.701.20230209-1606\jars\org.eclipse.sisu.inject-0.3.5.jar
2023-06-14 11:03:00,114 [Worker-23: Launching mavenrun-c38f5e95-fb03-4522-84a9-b6ea02435aaa] INFO  o.eclipse.m2e.core.internal.Bundles - 	Entry: C:\Users\Acer\.p2\pool\plugins\org.eclipse.m2e.maven.runtime_3.8.701.20230209-1606\jars\org.eclipse.sisu.plexus-0.3.5.jar
2023-06-14 11:03:00,114 [Worker-23: Launching mavenrun-c38f5e95-fb03-4522-84a9-b6ea02435aaa] INFO  o.eclipse.m2e.core.internal.Bundles - 	Entry: C:\Users\Acer\.p2\pool\plugins\org.eclipse.m2e.maven.runtime_3.8.701.20230209-1606\jars\plexus-build-api-0.0.7.jar
2023-06-14 11:03:00,114 [Worker-23: Launching mavenrun-c38f5e95-fb03-4522-84a9-b6ea02435aaa] INFO  o.eclipse.m2e.core.internal.Bundles - 	Entry: C:\Users\Acer\.p2\pool\plugins\org.eclipse.m2e.maven.runtime_3.8.701.20230209-1606\jars\plexus-cipher-2.0.jar
2023-06-14 11:03:00,114 [Worker-23: Launching mavenrun-c38f5e95-fb03-4522-84a9-b6ea02435aaa] INFO  o.eclipse.m2e.core.internal.Bundles - 	Entry: C:\Users\Acer\.p2\pool\plugins\org.eclipse.m2e.maven.runtime_3.8.701.20230209-1606\jars\plexus-classworlds-2.6.0.jar
2023-06-14 11:03:00,114 [Worker-23: Launching mavenrun-c38f5e95-fb03-4522-84a9-b6ea02435aaa] INFO  o.eclipse.m2e.core.internal.Bundles - 	Entry: C:\Users\Acer\.p2\pool\plugins\org.eclipse.m2e.maven.runtime_3.8.701.20230209-1606\jars\plexus-component-annotations-2.1.0.jar
2023-06-14 11:03:00,114 [Worker-23: Launching mavenrun-c38f5e95-fb03-4522-84a9-b6ea02435aaa] INFO  o.eclipse.m2e.core.internal.Bundles - 	Entry: C:\Users\Acer\.p2\pool\plugins\org.eclipse.m2e.maven.runtime_3.8.701.20230209-1606\jars\plexus-interpolation-1.26.jar
2023-06-14 11:03:00,115 [Worker-23: Launching mavenrun-c38f5e95-fb03-4522-84a9-b6ea02435aaa] INFO  o.eclipse.m2e.core.internal.Bundles - 	Entry: C:\Users\Acer\.p2\pool\plugins\org.eclipse.m2e.maven.runtime_3.8.701.20230209-1606\jars\plexus-sec-dispatcher-2.0.jar
2023-06-14 11:03:00,115 [Worker-23: Launching mavenrun-c38f5e95-fb03-4522-84a9-b6ea02435aaa] INFO  o.eclipse.m2e.core.internal.Bundles - 	Entry: C:\Users\Acer\.p2\pool\plugins\org.eclipse.m2e.maven.runtime_3.8.701.20230209-1606\jars\plexus-utils-3.3.1.jar
2023-06-14 11:03:00,115 [Worker-23: Launching mavenrun-c38f5e95-fb03-4522-84a9-b6ea02435aaa] INFO  o.eclipse.m2e.core.internal.Bundles - 	Entry: C:\Users\Acer\.p2\pool\plugins\org.eclipse.m2e.maven.runtime_3.8.701.20230209-1606\jars\wagon-file-3.5.3.jar
2023-06-14 11:03:00,115 [Worker-23: Launching mavenrun-c38f5e95-fb03-4522-84a9-b6ea02435aaa] INFO  o.eclipse.m2e.core.internal.Bundles - 	Entry: C:\Users\Acer\.p2\pool\plugins\org.eclipse.m2e.maven.runtime_3.8.701.20230209-1606\jars\wagon-provider-api-3.5.3.jar
2023-06-14 11:03:00,116 [Worker-23: Launching mavenrun-c38f5e95-fb03-4522-84a9-b6ea02435aaa] INFO  o.eclipse.m2e.core.internal.Bundles - getClasspathEntries(Bundle=com.google.guava_31.1.0.jre [11])
2023-06-14 11:03:00,117 [Worker-23: Launching mavenrun-c38f5e95-fb03-4522-84a9-b6ea02435aaa] INFO  o.eclipse.m2e.core.internal.Bundles - 	Entry: C:\Users\Acer\.p2\pool\plugins\com.google.guava_31.1.0.jre.jar
2023-06-14 11:03:00,117 [Worker-23: Launching mavenrun-c38f5e95-fb03-4522-84a9-b6ea02435aaa] INFO  o.eclipse.m2e.core.internal.Bundles - getClasspathEntries(Bundle=slf4j.api_1.7.36 [923])
2023-06-14 11:03:00,310 [Worker-23: Launching mavenrun-c38f5e95-fb03-4522-84a9-b6ea02435aaa] INFO  o.eclipse.m2e.core.internal.Bundles - 	Entry: C:\Users\Acer\.p2\pool\plugins\slf4j.api_1.7.36.jar
2023-06-14 11:03:00,311 [Worker-23: Launching mavenrun-c38f5e95-fb03-4522-84a9-b6ea02435aaa] INFO  o.eclipse.m2e.core.internal.Bundles - getClasspathEntries(Bundle=javax.inject_1.0.0.v20220405-0441 [35])
2023-06-14 11:03:00,609 [Worker-23: Launching mavenrun-c38f5e95-fb03-4522-84a9-b6ea02435aaa] INFO  o.eclipse.m2e.core.internal.Bundles - 	Entry: C:\Users\Acer\.p2\pool\plugins\javax.inject_1.0.0.v20220405-0441.jar
2023-06-14 11:03:00,610 [Worker-23: Launching mavenrun-c38f5e95-fb03-4522-84a9-b6ea02435aaa] INFO  o.eclipse.m2e.core.internal.Bundles - getClasspathEntries(Bundle=javax.annotation_1.3.5.v20221203-1659 [33])
2023-06-14 11:03:00,823 [Worker-23: Launching mavenrun-c38f5e95-fb03-4522-84a9-b6ea02435aaa] INFO  o.eclipse.m2e.core.internal.Bundles - 	Entry: C:\Users\Acer\.p2\pool\plugins\javax.annotation_1.3.5.v20221203-1659.jar
2023-06-14 11:03:00,823 [Worker-23: Launching mavenrun-c38f5e95-fb03-4522-84a9-b6ea02435aaa] INFO  o.eclipse.m2e.core.internal.Bundles - getClasspathEntries(Bundle=org.apache.commons.cli_1.4.0.v20221112-0806 [67])
2023-06-14 11:03:00,835 [Worker-23: Launching mavenrun-c38f5e95-fb03-4522-84a9-b6ea02435aaa] INFO  o.eclipse.m2e.core.internal.Bundles - 	Entry: C:\Users\Acer\.p2\pool\plugins\org.apache.commons.cli_1.4.0.v20221112-0806.jar
2023-06-14 11:03:00,835 [Worker-23: Launching mavenrun-c38f5e95-fb03-4522-84a9-b6ea02435aaa] INFO  o.eclipse.m2e.core.internal.Bundles - getClasspathEntries(Bundle=com.google.guava.failureaccess_1.0.1 [13])
2023-06-14 11:03:00,885 [Worker-23: Launching mavenrun-c38f5e95-fb03-4522-84a9-b6ea02435aaa] INFO  o.eclipse.m2e.core.internal.Bundles - 	Entry: C:\Users\Acer\.p2\pool\plugins\com.google.guava.failureaccess_1.0.1.jar
2023-06-14 11:03:00,889 [Worker-23: Launching mavenrun-c38f5e95-fb03-4522-84a9-b6ea02435aaa] INFO  o.e.m.i.launch.MavenLaunchDelegate - Run build in "C:\Users\Acer\AppData\Local\Temp\m2e-archetypeGenerator13505461771969754326":
2023-06-14 11:03:00,890 [Worker-23: Launching mavenrun-c38f5e95-fb03-4522-84a9-b6ea02435aaa] INFO  o.e.m.i.launch.MavenLaunchDelegate -  mvn  -DarchetypeGroupId=org.apache.maven.archetypes -DarchetypeArtifactId=maven-archetype-quickstart -DarchetypeVersion=1.4 -DgroupId=com.jspiders -DartifactId=hibernatemanytomany -Dversion=0.0.1-SNAPSHOT -Dpackage=com.jspiders.hibernatemanytomany -DoutputDirectory="D:\java\Advance Java Mock" -B -Dstyle.color=always -U archetype:generate
2023-06-14 11:03:35,270 [Worker-6: Creating maven-archetype-quickstart] INFO  o.e.m.c.i.p.ProjectConfigurationManager - Collecting project info '/pom.xml' D:\java\Advance Java Mock\hibernatemanytomany\pom.xml
2023-06-14 11:03:42,819 [Worker-6: Creating maven-archetype-quickstart] INFO  o.e.m.c.i.l.LifecycleMappingFactory - Using org.eclipse.m2e.jdt.JarLifecycleMapping lifecycle mapping for MavenProject: com.jspiders:hibernatemanytomany:0.0.1-SNAPSHOT @ D:\java\Advance Java Mock\hibernatemanytomany\pom.xml.
2023-06-14 11:03:45,713 [Worker-6: Creating maven-archetype-quickstart] INFO  o.e.m.j.i.AbstractJavaProjectConfigurator - Adding source folder /hibernatemanytomany/src/main/java
2023-06-14 11:03:45,720 [Worker-6: Creating maven-archetype-quickstart] INFO  o.e.m.j.i.AbstractJavaProjectConfigurator - Adding source folder /hibernatemanytomany/src/test/java
2023-06-14 11:03:46,106 [Worker-6: Creating maven-archetype-quickstart] INFO  o.e.m.c.i.p.ProjectConfigurationManager - Imported and configured 1 project(s) in 10 sec
2023-06-14 11:03:46,339 [Worker-15: Building] INFO  o.e.m.c.i.embedder.EclipseLogger - Using 'UTF-8' encoding to copy filtered resources.
2023-06-14 11:03:46,339 [Worker-15: Building] INFO  o.e.m.c.i.embedder.EclipseLogger - skip non existing resourceDirectory D:\java\Advance Java Mock\hibernatemanytomany\src\main\resources
2023-06-14 11:03:46,342 [Worker-15: Building] INFO  o.e.m.c.i.embedder.EclipseLogger - Using 'UTF-8' encoding to copy filtered resources.
2023-06-14 11:03:46,342 [Worker-15: Building] INFO  o.e.m.c.i.embedder.EclipseLogger - skip non existing resourceDirectory D:\java\Advance Java Mock\hibernatemanytomany\src\test\resources
2023-06-14 11:04:09,342 [Worker-22: Building] INFO  o.e.m.c.i.embedder.EclipseLogger - Using 'UTF-8' encoding to copy filtered resources.
2023-06-14 11:04:09,342 [Worker-22: Building] INFO  o.e.m.c.i.embedder.EclipseLogger - skip non existing resourceDirectory D:\java\Advance Java Mock\hibernatemanytomany\src\main\resources
2023-06-14 11:04:09,345 [Worker-22: Building] INFO  o.e.m.c.i.embedder.EclipseLogger - Using 'UTF-8' encoding to copy filtered resources.
2023-06-14 11:04:09,345 [Worker-22: Building] INFO  o.e.m.c.i.embedder.EclipseLogger - skip non existing resourceDirectory D:\java\Advance Java Mock\hibernatemanytomany\src\test\resources
2023-06-14 11:04:13,578 [Worker-6: Building Project hibernatemanytomany] INFO  o.e.m.c.i.embedder.EclipseLogger - Using 'UTF-8' encoding to copy filtered resources.
2023-06-14 11:04:13,578 [Worker-6: Building Project hibernatemanytomany] INFO  o.e.m.c.i.embedder.EclipseLogger - skip non existing resourceDirectory D:\java\Advance Java Mock\hibernatemanytomany\src\main\resources
2023-06-14 11:04:13,581 [Worker-6: Building Project hibernatemanytomany] INFO  o.e.m.c.i.embedder.EclipseLogger - Using 'UTF-8' encoding to copy filtered resources.
2023-06-14 11:04:13,581 [Worker-6: Building Project hibernatemanytomany] INFO  o.e.m.c.i.embedder.EclipseLogger - skip non existing resourceDirectory D:\java\Advance Java Mock\hibernatemanytomany\src\test\resources
2023-06-14 11:04:22,897 [Worker-23: Building Project hibernatemanytomany] INFO  o.e.m.c.i.embedder.EclipseLogger - Using 'UTF-8' encoding to copy filtered resources.
2023-06-14 11:04:22,897 [Worker-23: Building Project hibernatemanytomany] INFO  o.e.m.c.i.embedder.EclipseLogger - skip non existing resourceDirectory D:\java\Advance Java Mock\hibernatemanytomany\src\main\resources
2023-06-14 11:04:22,901 [Worker-23: Building Project hibernatemanytomany] INFO  o.e.m.c.i.embedder.EclipseLogger - Using 'UTF-8' encoding to copy filtered resources.
2023-06-14 11:04:22,902 [Worker-23: Building Project hibernatemanytomany] INFO  o.e.m.c.i.embedder.EclipseLogger - skip non existing resourceDirectory D:\java\Advance Java Mock\hibernatemanytomany\src\test\resources
2023-06-14 11:05:20,336 [Worker-6: Building] INFO  o.e.m.c.i.embedder.EclipseLogger - Using 'UTF-8' encoding to copy filtered resources.
2023-06-14 11:05:20,353 [Worker-6: Building] INFO  o.e.m.c.i.embedder.EclipseLogger - Copying 0 resource
2023-06-14 11:05:20,356 [Worker-6: Building] INFO  o.e.m.c.i.embedder.EclipseLogger - Using 'UTF-8' encoding to copy filtered resources.
2023-06-14 11:05:20,356 [Worker-6: Building] INFO  o.e.m.c.i.embedder.EclipseLogger - skip non existing resourceDirectory D:\java\Advance Java Mock\hibernatemanytomany\src\test\resources
2023-06-14 11:06:20,594 [Worker-15: Building] INFO  o.e.m.c.i.embedder.EclipseLogger - Using 'UTF-8' encoding to copy filtered resources.
2023-06-14 11:06:20,595 [Worker-15: Building] INFO  o.e.m.c.i.embedder.EclipseLogger - Copying 1 resource
2023-06-14 11:06:20,610 [Worker-15: Building] INFO  o.e.m.c.i.embedder.EclipseLogger - Using 'UTF-8' encoding to copy filtered resources.
2023-06-14 11:06:20,610 [Worker-15: Building] INFO  o.e.m.c.i.embedder.EclipseLogger - skip non existing resourceDirectory D:\java\Advance Java Mock\hibernatemanytomany\src\test\resources
2023-06-14 11:07:02,277 [Worker-23: Building] INFO  o.e.m.c.i.l.LifecycleMappingFactory - Using org.eclipse.m2e.jdt.JarLifecycleMapping lifecycle mapping for MavenProject: com.jspiders:hibernatemanytomany:0.0.1-SNAPSHOT @ D:\java\Advance Java Mock\hibernatemanytomany\pom.xml.
2023-06-14 11:07:02,453 [Worker-23: Building] INFO  o.e.m.c.i.embedder.EclipseLogger - Using 'UTF-8' encoding to copy filtered resources.
2023-06-14 11:07:02,456 [Worker-23: Building] INFO  o.e.m.c.i.embedder.EclipseLogger - Copying 0 resource
2023-06-14 11:07:02,461 [Worker-23: Building] INFO  o.e.m.c.i.embedder.EclipseLogger - Using 'UTF-8' encoding to copy filtered resources.
2023-06-14 11:07:02,461 [Worker-23: Building] INFO  o.e.m.c.i.embedder.EclipseLogger - skip non existing resourceDirectory D:\java\Advance Java Mock\hibernatemanytomany\src\test\resources
2023-06-14 13:28:43,641 [Worker-27: Building] INFO  o.e.m.c.i.l.LifecycleMappingFactory - Using org.eclipse.m2e.jdt.JarLifecycleMapping lifecycle mapping for MavenProject: com.jspiders:hibernatemanytomany:0.0.1-SNAPSHOT @ D:\java\Advance Java Mock\hibernatemanytomany\pom.xml.
2023-06-14 13:28:47,560 [Worker-27: Building] INFO  o.e.m.c.i.embedder.EclipseLogger - Using 'UTF-8' encoding to copy filtered resources.
2023-06-14 13:28:47,563 [Worker-27: Building] INFO  o.e.m.c.i.embedder.EclipseLogger - Copying 1 resource
2023-06-14 13:28:47,568 [Worker-27: Building] INFO  o.e.m.c.i.embedder.EclipseLogger - Using 'UTF-8' encoding to copy filtered resources.
2023-06-14 13:28:47,569 [Worker-27: Building] INFO  o.e.m.c.i.embedder.EclipseLogger - skip non existing resourceDirectory D:\java\Advance Java Mock\hibernatemanytomany\src\test\resources
2023-06-14 13:35:54,444 [Worker-0: Loading available Gradle versions] INFO  o.e.b.c.i.u.g.PublishedGradleVersions - Gradle version information cache is up-to-date. Trying to read.
2023-06-14 13:45:58,662 [Worker-21: Building] INFO  o.e.m.c.i.embedder.EclipseLogger - Using 'UTF-8' encoding to copy filtered resources.
2023-06-14 13:45:58,665 [Worker-21: Building] INFO  o.e.m.c.i.embedder.EclipseLogger - Copying 1 resource
2023-06-14 13:45:58,674 [Worker-21: Building] INFO  o.e.m.c.i.embedder.EclipseLogger - Using 'UTF-8' encoding to copy filtered resources.
2023-06-14 13:45:58,674 [Worker-21: Building] INFO  o.e.m.c.i.embedder.EclipseLogger - skip non existing resourceDirectory D:\java\Advance Java Mock\hibernatemanytomany\src\test\resources
2023-06-14 13:47:26,461 [Worker-35: Building] INFO  o.e.m.c.i.l.LifecycleMappingFactory - Using org.eclipse.m2e.jdt.JarLifecycleMapping lifecycle mapping for MavenProject: com.jspiders:hibernatemanytomany:0.0.1-SNAPSHOT @ D:\java\Advance Java Mock\hibernatemanytomany\pom.xml.
2023-06-14 13:47:28,244 [Worker-35: Building] INFO  o.e.m.c.i.e.AbstractTransferListenerAdapter - Downloading https://repo.maven.apache.org/maven2/org/projectlombok/lombok/1.18.28/lombok-1.18.28.jar
2023-06-14 13:47:32,295 [Worker-35: Building] INFO  o.e.m.c.i.e.AbstractTransferListenerAdapter - Downloaded https://repo.maven.apache.org/maven2/org/projectlombok/lombok/1.18.28/lombok-1.18.28.jar
2023-06-14 13:47:33,036 [Worker-35: Building] INFO  o.e.m.c.i.embedder.EclipseLogger - Using 'UTF-8' encoding to copy filtered resources.
2023-06-14 13:47:33,063 [Worker-35: Building] INFO  o.e.m.c.i.embedder.EclipseLogger - Copying 0 resource
2023-06-14 13:47:33,068 [Worker-35: Building] INFO  o.e.m.c.i.embedder.EclipseLogger - Using 'UTF-8' encoding to copy filtered resources.
2023-06-14 13:47:33,068 [Worker-35: Building] INFO  o.e.m.c.i.embedder.EclipseLogger - skip non existing resourceDirectory D:\java\Advance Java Mock\hibernatemanytomany\src\test\resources
2023-06-14 13:47:34,120 [Worker-38: Download sources and javadoc] INFO  o.e.m.c.i.e.AbstractTransferListenerAdapter - Downloading https://repo.maven.apache.org/maven2/com/google/protobuf/protobuf-java/3.21.9/protobuf-java-3.21.9-sources.jar
2023-06-14 13:47:36,587 [Worker-38: Download sources and javadoc] INFO  o.e.m.c.i.e.AbstractTransferListenerAdapter - Downloaded https://repo.maven.apache.org/maven2/com/google/protobuf/protobuf-java/3.21.9/protobuf-java-3.21.9-sources.jar
2023-06-14 13:47:36,601 [Worker-38: Download sources and javadoc] INFO  o.e.m.j.internal.DownloadSourcesJob - Downloaded sources for com.google.protobuf:protobuf-java:3.21.9
2023-06-14 13:47:36,894 [Worker-38: Download sources and javadoc] INFO  o.e.m.c.i.e.AbstractTransferListenerAdapter - Downloading https://repo.maven.apache.org/maven2/org/projectlombok/lombok/1.18.28/lombok-1.18.28-sources.jar
2023-06-14 13:47:39,946 [Worker-38: Download sources and javadoc] INFO  o.e.m.c.i.e.AbstractTransferListenerAdapter - Downloaded https://repo.maven.apache.org/maven2/org/projectlombok/lombok/1.18.28/lombok-1.18.28-sources.jar
2023-06-14 13:47:39,951 [Worker-38: Download sources and javadoc] INFO  o.e.m.j.internal.DownloadSourcesJob - Downloaded sources for org.projectlombok:lombok:1.18.28
2023-06-14 13:47:57,420 [Worker-39: Building] INFO  o.e.m.c.i.embedder.EclipseLogger - Using 'UTF-8' encoding to copy filtered resources.
2023-06-14 13:47:57,480 [Worker-39: Building] INFO  o.e.m.c.i.embedder.EclipseLogger - Copying 1 resource
2023-06-14 13:47:57,493 [Worker-39: Building] INFO  o.e.m.c.i.embedder.EclipseLogger - Using 'UTF-8' encoding to copy filtered resources.
2023-06-14 13:47:57,494 [Worker-39: Building] INFO  o.e.m.c.i.embedder.EclipseLogger - skip non existing resourceDirectory D:\java\Advance Java Mock\hibernatemanytomany\src\test\resources
2023-06-14 13:48:11,794 [Worker-21: Building] INFO  o.e.m.c.i.embedder.EclipseLogger - Using 'UTF-8' encoding to copy filtered resources.
2023-06-14 13:48:11,795 [Worker-21: Building] INFO  o.e.m.c.i.embedder.EclipseLogger - Copying 1 resource
2023-06-14 13:48:11,802 [Worker-21: Building] INFO  o.e.m.c.i.embedder.EclipseLogger - Using 'UTF-8' encoding to copy filtered resources.
2023-06-14 13:48:11,802 [Worker-21: Building] INFO  o.e.m.c.i.embedder.EclipseLogger - skip non existing resourceDirectory D:\java\Advance Java Mock\hibernatemanytomany\src\test\resources
2023-06-14 13:48:29,845 [Worker-21: Building] INFO  o.e.m.c.i.embedder.EclipseLogger - Using 'UTF-8' encoding to copy filtered resources.
2023-06-14 13:48:29,846 [Worker-21: Building] INFO  o.e.m.c.i.embedder.EclipseLogger - Copying 1 resource
2023-06-14 13:48:29,853 [Worker-21: Building] INFO  o.e.m.c.i.embedder.EclipseLogger - Using 'UTF-8' encoding to copy filtered resources.
2023-06-14 13:48:29,854 [Worker-21: Building] INFO  o.e.m.c.i.embedder.EclipseLogger - skip non existing resourceDirectory D:\java\Advance Java Mock\hibernatemanytomany\src\test\resources
2023-06-14 13:50:52,662 [Worker-35: Building] INFO  o.e.m.c.i.embedder.EclipseLogger - Using 'UTF-8' encoding to copy filtered resources.
2023-06-14 13:50:52,663 [Worker-35: Building] INFO  o.e.m.c.i.embedder.EclipseLogger - Copying 1 resource
2023-06-14 13:50:52,668 [Worker-35: Building] INFO  o.e.m.c.i.embedder.EclipseLogger - Using 'UTF-8' encoding to copy filtered resources.
2023-06-14 13:50:52,668 [Worker-35: Building] INFO  o.e.m.c.i.embedder.EclipseLogger - skip non existing resourceDirectory D:\java\Advance Java Mock\hibernatemanytomany\src\test\resources
2023-06-14 13:50:58,997 [Worker-39: Building] INFO  o.e.m.c.i.embedder.EclipseLogger - Using 'UTF-8' encoding to copy filtered resources.
2023-06-14 13:50:58,998 [Worker-39: Building] INFO  o.e.m.c.i.embedder.EclipseLogger - Copying 1 resource
2023-06-14 13:50:59,000 [Worker-39: Building] INFO  o.e.m.c.i.embedder.EclipseLogger - Using 'UTF-8' encoding to copy filtered resources.
2023-06-14 13:50:59,001 [Worker-39: Building] INFO  o.e.m.c.i.embedder.EclipseLogger - skip non existing resourceDirectory D:\java\Advance Java Mock\hibernatemanytomany\src\test\resources
2023-06-14 13:51:44,447 [Worker-35: Building] INFO  o.e.m.c.i.embedder.EclipseLogger - Using 'UTF-8' encoding to copy filtered resources.
2023-06-14 13:51:44,448 [Worker-35: Building] INFO  o.e.m.c.i.embedder.EclipseLogger - Copying 1 resource
2023-06-14 13:51:44,452 [Worker-35: Building] INFO  o.e.m.c.i.embedder.EclipseLogger - Using 'UTF-8' encoding to copy filtered resources.
2023-06-14 13:51:44,452 [Worker-35: Building] INFO  o.e.m.c.i.embedder.EclipseLogger - skip non existing resourceDirectory D:\java\Advance Java Mock\hibernatemanytomany\src\test\resources
2023-06-14 13:53:06,245 [Worker-21: Building] INFO  o.e.m.c.i.embedder.EclipseLogger - Using 'UTF-8' encoding to copy filtered resources.
2023-06-14 13:53:06,246 [Worker-21: Building] INFO  o.e.m.c.i.embedder.EclipseLogger - Copying 1 resource
2023-06-14 13:53:06,251 [Worker-21: Building] INFO  o.e.m.c.i.embedder.EclipseLogger - Using 'UTF-8' encoding to copy filtered resources.
2023-06-14 13:53:06,251 [Worker-21: Building] INFO  o.e.m.c.i.embedder.EclipseLogger - skip non existing resourceDirectory D:\java\Advance Java Mock\hibernatemanytomany\src\test\resources
2023-06-14 13:53:26,757 [Worker-38: Building] INFO  o.e.m.c.i.embedder.EclipseLogger - Using 'UTF-8' encoding to copy filtered resources.
2023-06-14 13:53:26,758 [Worker-38: Building] INFO  o.e.m.c.i.embedder.EclipseLogger - Copying 1 resource
2023-06-14 13:53:26,761 [Worker-38: Building] INFO  o.e.m.c.i.embedder.EclipseLogger - Using 'UTF-8' encoding to copy filtered resources.
2023-06-14 13:53:26,761 [Worker-38: Building] INFO  o.e.m.c.i.embedder.EclipseLogger - skip non existing resourceDirectory D:\java\Advance Java Mock\hibernatemanytomany\src\test\resources
2023-06-14 13:54:14,407 [Worker-40: Building] INFO  o.e.m.c.i.embedder.EclipseLogger - Using 'UTF-8' encoding to copy filtered resources.
2023-06-14 13:54:14,408 [Worker-40: Building] INFO  o.e.m.c.i.embedder.EclipseLogger - Copying 1 resource
2023-06-14 13:54:14,411 [Worker-40: Building] INFO  o.e.m.c.i.embedder.EclipseLogger - Using 'UTF-8' encoding to copy filtered resources.
2023-06-14 13:54:14,411 [Worker-40: Building] INFO  o.e.m.c.i.embedder.EclipseLogger - skip non existing resourceDirectory D:\java\Advance Java Mock\hibernatemanytomany\src\test\resources
2023-06-14 13:54:24,921 [Worker-21: Building] INFO  o.e.m.c.i.embedder.EclipseLogger - Using 'UTF-8' encoding to copy filtered resources.
2023-06-14 13:54:24,922 [Worker-21: Building] INFO  o.e.m.c.i.embedder.EclipseLogger - Copying 1 resource
2023-06-14 13:54:24,924 [Worker-21: Building] INFO  o.e.m.c.i.embedder.EclipseLogger - Using 'UTF-8' encoding to copy filtered resources.
2023-06-14 13:54:24,924 [Worker-21: Building] INFO  o.e.m.c.i.embedder.EclipseLogger - skip non existing resourceDirectory D:\java\Advance Java Mock\hibernatemanytomany\src\test\resources
2023-06-14 13:55:38,533 [Worker-21: Building] INFO  o.e.m.c.i.embedder.EclipseLogger - Using 'UTF-8' encoding to copy filtered resources.
2023-06-14 13:55:38,535 [Worker-21: Building] INFO  o.e.m.c.i.embedder.EclipseLogger - Copying 1 resource
2023-06-14 13:55:38,537 [Worker-21: Building] INFO  o.e.m.c.i.embedder.EclipseLogger - Using 'UTF-8' encoding to copy filtered resources.
2023-06-14 13:55:38,539 [Worker-21: Building] INFO  o.e.m.c.i.embedder.EclipseLogger - skip non existing resourceDirectory D:\java\Advance Java Mock\hibernatemanytomany\src\test\resources
2023-06-14 14:01:34,043 [Worker-40: Building] INFO  o.e.m.c.i.embedder.EclipseLogger - Using 'UTF-8' encoding to copy filtered resources.
2023-06-14 14:01:34,043 [Worker-40: Building] INFO  o.e.m.c.i.embedder.EclipseLogger - Copying 1 resource
2023-06-14 14:01:34,046 [Worker-40: Building] INFO  o.e.m.c.i.embedder.EclipseLogger - Using 'UTF-8' encoding to copy filtered resources.
2023-06-14 14:01:34,047 [Worker-40: Building] INFO  o.e.m.c.i.embedder.EclipseLogger - skip non existing resourceDirectory D:\java\Advance Java Mock\hibernatemanytomany\src\test\resources
2023-06-14 14:02:07,379 [Worker-40: Building] INFO  o.e.m.c.i.embedder.EclipseLogger - Using 'UTF-8' encoding to copy filtered resources.
2023-06-14 14:02:07,379 [Worker-40: Building] INFO  o.e.m.c.i.embedder.EclipseLogger - Copying 1 resource
2023-06-14 14:02:07,381 [Worker-40: Building] INFO  o.e.m.c.i.embedder.EclipseLogger - Using 'UTF-8' encoding to copy filtered resources.
2023-06-14 14:02:07,382 [Worker-40: Building] INFO  o.e.m.c.i.embedder.EclipseLogger - skip non existing resourceDirectory D:\java\Advance Java Mock\hibernatemanytomany\src\test\resources
2023-06-14 14:12:37,752 [Worker-43: Building] INFO  o.e.m.c.i.embedder.EclipseLogger - Using 'UTF-8' encoding to copy filtered resources.
2023-06-14 14:12:37,753 [Worker-43: Building] INFO  o.e.m.c.i.embedder.EclipseLogger - Copying 1 resource
2023-06-14 14:12:37,759 [Worker-43: Building] INFO  o.e.m.c.i.embedder.EclipseLogger - Using 'UTF-8' encoding to copy filtered resources.
2023-06-14 14:12:37,760 [Worker-43: Building] INFO  o.e.m.c.i.embedder.EclipseLogger - skip non existing resourceDirectory D:\java\Advance Java Mock\hibernatemanytomany\src\test\resources
2023-06-14 14:13:08,676 [Worker-41: Building] INFO  o.e.m.c.i.embedder.EclipseLogger - Using 'UTF-8' encoding to copy filtered resources.
2023-06-14 14:13:08,676 [Worker-41: Building] INFO  o.e.m.c.i.embedder.EclipseLogger - Copying 1 resource
2023-06-14 14:13:08,679 [Worker-41: Building] INFO  o.e.m.c.i.embedder.EclipseLogger - Using 'UTF-8' encoding to copy filtered resources.
2023-06-14 14:13:08,679 [Worker-41: Building] INFO  o.e.m.c.i.embedder.EclipseLogger - skip non existing resourceDirectory D:\java\Advance Java Mock\hibernatemanytomany\src\test\resources
2023-06-14 14:17:23,370 [Worker-41: Building] INFO  o.e.m.c.i.embedder.EclipseLogger - Using 'UTF-8' encoding to copy filtered resources.
2023-06-14 14:17:23,371 [Worker-41: Building] INFO  o.e.m.c.i.embedder.EclipseLogger - Copying 1 resource
2023-06-14 14:17:23,374 [Worker-41: Building] INFO  o.e.m.c.i.embedder.EclipseLogger - Using 'UTF-8' encoding to copy filtered resources.
2023-06-14 14:17:23,374 [Worker-41: Building] INFO  o.e.m.c.i.embedder.EclipseLogger - skip non existing resourceDirectory D:\java\Advance Java Mock\hibernatemanytomany\src\test\resources
2023-06-14 14:19:41,678 [Worker-39: Building] INFO  o.e.m.c.i.embedder.EclipseLogger - Using 'UTF-8' encoding to copy filtered resources.
2023-06-14 14:19:41,679 [Worker-39: Building] INFO  o.e.m.c.i.embedder.EclipseLogger - Copying 1 resource
2023-06-14 14:19:41,682 [Worker-39: Building] INFO  o.e.m.c.i.embedder.EclipseLogger - Using 'UTF-8' encoding to copy filtered resources.
2023-06-14 14:19:41,682 [Worker-39: Building] INFO  o.e.m.c.i.embedder.EclipseLogger - skip non existing resourceDirectory D:\java\Advance Java Mock\hibernatemanytomany\src\test\resources
2023-06-14 14:19:49,240 [Worker-41: Building] INFO  o.e.m.c.i.embedder.EclipseLogger - Using 'UTF-8' encoding to copy filtered resources.
2023-06-14 14:19:49,240 [Worker-41: Building] INFO  o.e.m.c.i.embedder.EclipseLogger - Copying 1 resource
2023-06-14 14:19:49,242 [Worker-41: Building] INFO  o.e.m.c.i.embedder.EclipseLogger - Using 'UTF-8' encoding to copy filtered resources.
2023-06-14 14:19:49,243 [Worker-41: Building] INFO  o.e.m.c.i.embedder.EclipseLogger - skip non existing resourceDirectory D:\java\Advance Java Mock\hibernatemanytomany\src\test\resources
2023-06-14 14:21:51,626 [Worker-44: Building] INFO  o.e.m.c.i.embedder.EclipseLogger - Using 'UTF-8' encoding to copy filtered resources.
2023-06-14 14:21:51,626 [Worker-44: Building] INFO  o.e.m.c.i.embedder.EclipseLogger - Copying 1 resource
2023-06-14 14:21:51,629 [Worker-44: Building] INFO  o.e.m.c.i.embedder.EclipseLogger - Using 'UTF-8' encoding to copy filtered resources.
2023-06-14 14:21:51,629 [Worker-44: Building] INFO  o.e.m.c.i.embedder.EclipseLogger - skip non existing resourceDirectory D:\java\Advance Java Mock\hibernatemanytomany\src\test\resources
2023-06-14 14:23:27,188 [Worker-41: Building] INFO  o.e.m.c.i.embedder.EclipseLogger - Using 'UTF-8' encoding to copy filtered resources.
2023-06-14 14:23:27,188 [Worker-41: Building] INFO  o.e.m.c.i.embedder.EclipseLogger - Copying 1 resource
2023-06-14 14:23:27,192 [Worker-41: Building] INFO  o.e.m.c.i.embedder.EclipseLogger - Using 'UTF-8' encoding to copy filtered resources.
2023-06-14 14:23:27,192 [Worker-41: Building] INFO  o.e.m.c.i.embedder.EclipseLogger - skip non existing resourceDirectory D:\java\Advance Java Mock\hibernatemanytomany\src\test\resources
2023-06-14 14:26:54,523 [Worker-46: Building] INFO  o.e.m.c.i.embedder.EclipseLogger - Using 'UTF-8' encoding to copy filtered resources.
2023-06-14 14:26:54,525 [Worker-46: Building] INFO  o.e.m.c.i.embedder.EclipseLogger - Copying 1 resource
2023-06-14 14:26:54,529 [Worker-46: Building] INFO  o.e.m.c.i.embedder.EclipseLogger - Using 'UTF-8' encoding to copy filtered resources.
2023-06-14 14:26:54,530 [Worker-46: Building] INFO  o.e.m.c.i.embedder.EclipseLogger - skip non existing resourceDirectory D:\java\Advance Java Mock\hibernatemanytomany\src\test\resources
2023-06-14 14:27:32,532 [Worker-47: Building] INFO  o.e.m.c.i.embedder.EclipseLogger - Using 'UTF-8' encoding to copy filtered resources.
2023-06-14 14:27:32,533 [Worker-47: Building] INFO  o.e.m.c.i.embedder.EclipseLogger - Copying 1 resource
2023-06-14 14:27:32,537 [Worker-47: Building] INFO  o.e.m.c.i.embedder.EclipseLogger - Using 'UTF-8' encoding to copy filtered resources.
2023-06-14 14:27:32,537 [Worker-47: Building] INFO  o.e.m.c.i.embedder.EclipseLogger - skip non existing resourceDirectory D:\java\Advance Java Mock\hibernatemanytomany\src\test\resources
2023-06-14 14:28:08,271 [Worker-46: Building] INFO  o.e.m.c.i.embedder.EclipseLogger - Using 'UTF-8' encoding to copy filtered resources.
2023-06-14 14:28:08,271 [Worker-46: Building] INFO  o.e.m.c.i.embedder.EclipseLogger - Copying 1 resource
2023-06-14 14:28:08,275 [Worker-46: Building] INFO  o.e.m.c.i.embedder.EclipseLogger - Using 'UTF-8' encoding to copy filtered resources.
2023-06-14 14:28:08,276 [Worker-46: Building] INFO  o.e.m.c.i.embedder.EclipseLogger - skip non existing resourceDirectory D:\java\Advance Java Mock\hibernatemanytomany\src\test\resources
2023-06-14 19:47:05,357 [Worker-3: Loading available Gradle versions] INFO  o.e.b.c.i.u.g.PublishedGradleVersions - Gradle version information cache is up-to-date. Trying to read.
2023-06-14 19:47:31,104 [Worker-2: Building] INFO  o.e.m.c.i.embedder.EclipseLogger - Using 'UTF-8' encoding to copy filtered resources.
2023-06-14 19:47:31,115 [Worker-2: Building] INFO  o.e.m.c.i.embedder.EclipseLogger - Copying 1 resource
2023-06-14 19:47:31,142 [Worker-2: Building] INFO  o.e.m.c.i.embedder.EclipseLogger - Using 'UTF-8' encoding to copy filtered resources.
2023-06-14 19:47:31,142 [Worker-2: Building] INFO  o.e.m.c.i.embedder.EclipseLogger - skip non existing resourceDirectory D:\java\Advance Java Mock\hibernatemanytomany\src\test\resources
2023-06-15 12:44:20,094 [Worker-5: Loading available Gradle versions] INFO  o.e.b.c.i.u.g.PublishedGradleVersions - Gradle version information cache is up-to-date. Trying to read.
2023-06-17 12:44:24,598 [Worker-4: Loading available Gradle versions] INFO  o.e.b.c.i.u.g.PublishedGradleVersions - Gradle version information cache is up-to-date. Trying to read.
2023-06-17 12:45:25,693 [Worker-5: Launching CustomerProductDAO] INFO  o.e.m.c.i.embedder.EclipseLogger - Using 'UTF-8' encoding to copy filtered resources.
2023-06-17 12:45:25,698 [Worker-5: Launching CustomerProductDAO] INFO  o.e.m.c.i.embedder.EclipseLogger - Copying 1 resource
2023-06-17 12:45:25,721 [Worker-5: Launching CustomerProductDAO] INFO  o.e.m.c.i.embedder.EclipseLogger - Using 'UTF-8' encoding to copy filtered resources.
2023-06-17 12:45:25,721 [Worker-5: Launching CustomerProductDAO] INFO  o.e.m.c.i.embedder.EclipseLogger - skip non existing resourceDirectory D:\java\Advance Java Mock\hibernatemanytomany\src\test\resources
2023-06-17 12:47:41,708 [Worker-5: Building] INFO  o.e.m.c.i.embedder.EclipseLogger - Using 'UTF-8' encoding to copy filtered resources.
2023-06-17 12:47:41,730 [Worker-5: Building] INFO  o.e.m.c.i.embedder.EclipseLogger - Copying 1 resource
2023-06-17 12:47:41,733 [Worker-5: Building] INFO  o.e.m.c.i.embedder.EclipseLogger - Using 'UTF-8' encoding to copy filtered resources.
2023-06-17 12:47:41,733 [Worker-5: Building] INFO  o.e.m.c.i.embedder.EclipseLogger - skip non existing resourceDirectory D:\java\Advance Java Mock\hibernatemanytomany\src\test\resources
2023-06-17 12:50:10,424 [Worker-21: Building] INFO  o.e.m.c.i.embedder.EclipseLogger - Using 'UTF-8' encoding to copy filtered resources.
2023-06-17 12:50:10,425 [Worker-21: Building] INFO  o.e.m.c.i.embedder.EclipseLogger - Copying 1 resource
2023-06-17 12:50:10,428 [Worker-21: Building] INFO  o.e.m.c.i.embedder.EclipseLogger - Using 'UTF-8' encoding to copy filtered resources.
2023-06-17 12:50:10,428 [Worker-21: Building] INFO  o.e.m.c.i.embedder.EclipseLogger - skip non existing resourceDirectory D:\java\Advance Java Mock\hibernatemanytomany\src\test\resources
2023-06-17 12:50:35,228 [Worker-5: Building] INFO  o.e.m.c.i.embedder.EclipseLogger - Using 'UTF-8' encoding to copy filtered resources.
2023-06-17 12:50:35,229 [Worker-5: Building] INFO  o.e.m.c.i.embedder.EclipseLogger - Copying 1 resource
2023-06-17 12:50:35,233 [Worker-5: Building] INFO  o.e.m.c.i.embedder.EclipseLogger - Using 'UTF-8' encoding to copy filtered resources.
2023-06-17 12:50:35,233 [Worker-5: Building] INFO  o.e.m.c.i.embedder.EclipseLogger - skip non existing resourceDirectory D:\java\Advance Java Mock\hibernatemanytomany\src\test\resources
2023-06-17 12:52:39,710 [Worker-21: Building] INFO  o.e.m.c.i.embedder.EclipseLogger - Using 'UTF-8' encoding to copy filtered resources.
2023-06-17 12:52:39,711 [Worker-21: Building] INFO  o.e.m.c.i.embedder.EclipseLogger - Copying 1 resource
2023-06-17 12:52:39,713 [Worker-21: Building] INFO  o.e.m.c.i.embedder.EclipseLogger - Using 'UTF-8' encoding to copy filtered resources.
2023-06-17 12:52:39,713 [Worker-21: Building] INFO  o.e.m.c.i.embedder.EclipseLogger - skip non existing resourceDirectory D:\java\Advance Java Mock\hibernatemanytomany\src\test\resources
2023-06-17 12:53:03,056 [Worker-21: Building] INFO  o.e.m.c.i.embedder.EclipseLogger - Using 'UTF-8' encoding to copy filtered resources.
2023-06-17 12:53:03,057 [Worker-21: Building] INFO  o.e.m.c.i.embedder.EclipseLogger - Copying 1 resource
2023-06-17 12:53:03,060 [Worker-21: Building] INFO  o.e.m.c.i.embedder.EclipseLogger - Using 'UTF-8' encoding to copy filtered resources.
2023-06-17 12:53:03,060 [Worker-21: Building] INFO  o.e.m.c.i.embedder.EclipseLogger - skip non existing resourceDirectory D:\java\Advance Java Mock\hibernatemanytomany\src\test\resources
2023-06-17 12:53:31,635 [Worker-21: Building] INFO  o.e.m.c.i.embedder.EclipseLogger - Using 'UTF-8' encoding to copy filtered resources.
2023-06-17 12:53:31,635 [Worker-21: Building] INFO  o.e.m.c.i.embedder.EclipseLogger - Copying 1 resource
2023-06-17 12:53:31,637 [Worker-21: Building] INFO  o.e.m.c.i.embedder.EclipseLogger - Using 'UTF-8' encoding to copy filtered resources.
2023-06-17 12:53:31,637 [Worker-21: Building] INFO  o.e.m.c.i.embedder.EclipseLogger - skip non existing resourceDirectory D:\java\Advance Java Mock\hibernatemanytomany\src\test\resources
2023-06-17 12:55:27,155 [Worker-23: Building] INFO  o.e.m.c.i.embedder.EclipseLogger - Using 'UTF-8' encoding to copy filtered resources.
2023-06-17 12:55:27,155 [Worker-23: Building] INFO  o.e.m.c.i.embedder.EclipseLogger - Copying 1 resource
2023-06-17 12:55:27,162 [Worker-23: Building] INFO  o.e.m.c.i.embedder.EclipseLogger - Using 'UTF-8' encoding to copy filtered resources.
2023-06-17 12:55:27,162 [Worker-23: Building] INFO  o.e.m.c.i.embedder.EclipseLogger - skip non existing resourceDirectory D:\java\Advance Java Mock\hibernatemanytomany\src\test\resources
2023-06-17 12:56:43,797 [Worker-20: Building] INFO  o.e.m.c.i.embedder.EclipseLogger - Using 'UTF-8' encoding to copy filtered resources.
2023-06-17 12:56:43,797 [Worker-20: Building] INFO  o.e.m.c.i.embedder.EclipseLogger - Copying 1 resource
2023-06-17 12:56:43,800 [Worker-20: Building] INFO  o.e.m.c.i.embedder.EclipseLogger - Using 'UTF-8' encoding to copy filtered resources.
2023-06-17 12:56:43,800 [Worker-20: Building] INFO  o.e.m.c.i.embedder.EclipseLogger - skip non existing resourceDirectory D:\java\Advance Java Mock\hibernatemanytomany\src\test\resources
2023-06-17 12:58:16,290 [Worker-25: Building] INFO  o.e.m.c.i.embedder.EclipseLogger - Using 'UTF-8' encoding to copy filtered resources.
2023-06-17 12:58:16,291 [Worker-25: Building] INFO  o.e.m.c.i.embedder.EclipseLogger - Copying 1 resource
2023-06-17 12:58:16,293 [Worker-25: Building] INFO  o.e.m.c.i.embedder.EclipseLogger - Using 'UTF-8' encoding to copy filtered resources.
2023-06-17 12:58:16,294 [Worker-25: Building] INFO  o.e.m.c.i.embedder.EclipseLogger - skip non existing resourceDirectory D:\java\Advance Java Mock\hibernatemanytomany\src\test\resources
2023-06-17 12:58:37,946 [Worker-24: Building] INFO  o.e.m.c.i.embedder.EclipseLogger - Using 'UTF-8' encoding to copy filtered resources.
2023-06-17 12:58:37,946 [Worker-24: Building] INFO  o.e.m.c.i.embedder.EclipseLogger - Copying 1 resource
2023-06-17 12:58:37,948 [Worker-24: Building] INFO  o.e.m.c.i.embedder.EclipseLogger - Using 'UTF-8' encoding to copy filtered resources.
2023-06-17 12:58:37,948 [Worker-24: Building] INFO  o.e.m.c.i.embedder.EclipseLogger - skip non existing resourceDirectory D:\java\Advance Java Mock\hibernatemanytomany\src\test\resources
2023-06-17 13:38:59,075 [Worker-4: Loading available Gradle versions] INFO  o.e.b.c.i.u.g.PublishedGradleVersions - Gradle version information cache is up-to-date. Trying to read.
2023-07-28 16:23:40,104 [Worker-3: Loading available Gradle versions] INFO  o.e.b.c.i.u.g.PublishedGradleVersions - Gradle version information cache is up-to-date. Trying to read.
2023-07-31 12:44:43,590 [Worker-60: Launching mavenrun-b74f74b5-3f8a-42ee-b742-84aff7f75f08] INFO  o.eclipse.m2e.core.internal.Bundles - getClasspathEntries(Bundle=org.eclipse.m2e.maven.runtime_3.8.701.20230209-1606 [609])
2023-07-31 12:44:45,733 [Worker-60: Launching mavenrun-b74f74b5-3f8a-42ee-b742-84aff7f75f08] INFO  o.eclipse.m2e.core.internal.Bundles - 	Entry: C:\Users\Acer\.p2\pool\plugins\org.eclipse.m2e.maven.runtime_3.8.701.20230209-1606
2023-07-31 12:44:45,778 [Worker-60: Launching mavenrun-b74f74b5-3f8a-42ee-b742-84aff7f75f08] INFO  o.eclipse.m2e.core.internal.Bundles - 	Entry: C:\Users\Acer\.p2\pool\plugins\org.eclipse.m2e.maven.runtime_3.8.701.20230209-1606\jars\aether-connector-okhttp-0.17.8.jar
2023-07-31 12:44:45,779 [Worker-60: Launching mavenrun-b74f74b5-3f8a-42ee-b742-84aff7f75f08] INFO  o.eclipse.m2e.core.internal.Bundles - 	Entry: C:\Users\Acer\.p2\pool\plugins\org.eclipse.m2e.maven.runtime_3.8.701.20230209-1606\jars\commons-lang3-3.8.1.jar
2023-07-31 12:44:45,779 [Worker-60: Launching mavenrun-b74f74b5-3f8a-42ee-b742-84aff7f75f08] INFO  o.eclipse.m2e.core.internal.Bundles - 	Entry: C:\Users\Acer\.p2\pool\plugins\org.eclipse.m2e.maven.runtime_3.8.701.20230209-1606\jars\guice-4.2.2-no_aop.jar
2023-07-31 12:44:45,779 [Worker-60: Launching mavenrun-b74f74b5-3f8a-42ee-b742-84aff7f75f08] INFO  o.eclipse.m2e.core.internal.Bundles - 	Entry: C:\Users\Acer\.p2\pool\plugins\org.eclipse.m2e.maven.runtime_3.8.701.20230209-1606\jars\jansi-2.4.0.jar
2023-07-31 12:44:45,779 [Worker-60: Launching mavenrun-b74f74b5-3f8a-42ee-b742-84aff7f75f08] INFO  o.eclipse.m2e.core.internal.Bundles - 	Entry: C:\Users\Acer\.p2\pool\plugins\org.eclipse.m2e.maven.runtime_3.8.701.20230209-1606\jars\maven-artifact-3.8.7.jar
2023-07-31 12:44:45,779 [Worker-60: Launching mavenrun-b74f74b5-3f8a-42ee-b742-84aff7f75f08] INFO  o.eclipse.m2e.core.internal.Bundles - 	Entry: C:\Users\Acer\.p2\pool\plugins\org.eclipse.m2e.maven.runtime_3.8.701.20230209-1606\jars\maven-builder-support-3.8.7.jar
2023-07-31 12:44:45,779 [Worker-60: Launching mavenrun-b74f74b5-3f8a-42ee-b742-84aff7f75f08] INFO  o.eclipse.m2e.core.internal.Bundles - 	Entry: C:\Users\Acer\.p2\pool\plugins\org.eclipse.m2e.maven.runtime_3.8.701.20230209-1606\jars\maven-compat-3.8.7.jar
2023-07-31 12:44:45,779 [Worker-60: Launching mavenrun-b74f74b5-3f8a-42ee-b742-84aff7f75f08] INFO  o.eclipse.m2e.core.internal.Bundles - 	Entry: C:\Users\Acer\.p2\pool\plugins\org.eclipse.m2e.maven.runtime_3.8.701.20230209-1606\jars\maven-core-3.8.7.jar
2023-07-31 12:44:45,779 [Worker-60: Launching mavenrun-b74f74b5-3f8a-42ee-b742-84aff7f75f08] INFO  o.eclipse.m2e.core.internal.Bundles - 	Entry: C:\Users\Acer\.p2\pool\plugins\org.eclipse.m2e.maven.runtime_3.8.701.20230209-1606\jars\maven-embedder-3.8.7.jar
2023-07-31 12:44:45,780 [Worker-60: Launching mavenrun-b74f74b5-3f8a-42ee-b742-84aff7f75f08] INFO  o.eclipse.m2e.core.internal.Bundles - 	Entry: C:\Users\Acer\.p2\pool\plugins\org.eclipse.m2e.maven.runtime_3.8.701.20230209-1606\jars\maven-model-3.8.7.jar
2023-07-31 12:44:45,780 [Worker-60: Launching mavenrun-b74f74b5-3f8a-42ee-b742-84aff7f75f08] INFO  o.eclipse.m2e.core.internal.Bundles - 	Entry: C:\Users\Acer\.p2\pool\plugins\org.eclipse.m2e.maven.runtime_3.8.701.20230209-1606\jars\maven-model-builder-3.8.7.jar
2023-07-31 12:44:45,780 [Worker-60: Launching mavenrun-b74f74b5-3f8a-42ee-b742-84aff7f75f08] INFO  o.eclipse.m2e.core.internal.Bundles - 	Entry: C:\Users\Acer\.p2\pool\plugins\org.eclipse.m2e.maven.runtime_3.8.701.20230209-1606\jars\maven-plugin-api-3.8.7.jar
2023-07-31 12:44:45,780 [Worker-60: Launching mavenrun-b74f74b5-3f8a-42ee-b742-84aff7f75f08] INFO  o.eclipse.m2e.core.internal.Bundles - 	Entry: C:\Users\Acer\.p2\pool\plugins\org.eclipse.m2e.maven.runtime_3.8.701.20230209-1606\jars\maven-repository-metadata-3.8.7.jar
2023-07-31 12:44:45,780 [Worker-60: Launching mavenrun-b74f74b5-3f8a-42ee-b742-84aff7f75f08] INFO  o.eclipse.m2e.core.internal.Bundles - 	Entry: C:\Users\Acer\.p2\pool\plugins\org.eclipse.m2e.maven.runtime_3.8.701.20230209-1606\jars\maven-resolver-api-1.6.3.jar
2023-07-31 12:44:45,780 [Worker-60: Launching mavenrun-b74f74b5-3f8a-42ee-b742-84aff7f75f08] INFO  o.eclipse.m2e.core.internal.Bundles - 	Entry: C:\Users\Acer\.p2\pool\plugins\org.eclipse.m2e.maven.runtime_3.8.701.20230209-1606\jars\maven-resolver-connector-basic-1.6.3.jar
2023-07-31 12:44:45,780 [Worker-60: Launching mavenrun-b74f74b5-3f8a-42ee-b742-84aff7f75f08] INFO  o.eclipse.m2e.core.internal.Bundles - 	Entry: C:\Users\Acer\.p2\pool\plugins\org.eclipse.m2e.maven.runtime_3.8.701.20230209-1606\jars\maven-resolver-impl-1.6.3.jar
2023-07-31 12:44:45,780 [Worker-60: Launching mavenrun-b74f74b5-3f8a-42ee-b742-84aff7f75f08] INFO  o.eclipse.m2e.core.internal.Bundles - 	Entry: C:\Users\Acer\.p2\pool\plugins\org.eclipse.m2e.maven.runtime_3.8.701.20230209-1606\jars\maven-resolver-provider-3.8.7.jar
2023-07-31 12:44:45,780 [Worker-60: Launching mavenrun-b74f74b5-3f8a-42ee-b742-84aff7f75f08] INFO  o.eclipse.m2e.core.internal.Bundles - 	Entry: C:\Users\Acer\.p2\pool\plugins\org.eclipse.m2e.maven.runtime_3.8.701.20230209-1606\jars\maven-resolver-spi-1.6.3.jar
2023-07-31 12:44:45,781 [Worker-60: Launching mavenrun-b74f74b5-3f8a-42ee-b742-84aff7f75f08] INFO  o.eclipse.m2e.core.internal.Bundles - 	Entry: C:\Users\Acer\.p2\pool\plugins\org.eclipse.m2e.maven.runtime_3.8.701.20230209-1606\jars\maven-resolver-transport-wagon-1.6.3.jar
2023-07-31 12:44:45,781 [Worker-60: Launching mavenrun-b74f74b5-3f8a-42ee-b742-84aff7f75f08] INFO  o.eclipse.m2e.core.internal.Bundles - 	Entry: C:\Users\Acer\.p2\pool\plugins\org.eclipse.m2e.maven.runtime_3.8.701.20230209-1606\jars\maven-resolver-util-1.6.3.jar
2023-07-31 12:44:45,781 [Worker-60: Launching mavenrun-b74f74b5-3f8a-42ee-b742-84aff7f75f08] INFO  o.eclipse.m2e.core.internal.Bundles - 	Entry: C:\Users\Acer\.p2\pool\plugins\org.eclipse.m2e.maven.runtime_3.8.701.20230209-1606\jars\maven-settings-3.8.7.jar
2023-07-31 12:44:45,781 [Worker-60: Launching mavenrun-b74f74b5-3f8a-42ee-b742-84aff7f75f08] INFO  o.eclipse.m2e.core.internal.Bundles - 	Entry: C:\Users\Acer\.p2\pool\plugins\org.eclipse.m2e.maven.runtime_3.8.701.20230209-1606\jars\maven-settings-builder-3.8.7.jar
2023-07-31 12:44:45,781 [Worker-60: Launching mavenrun-b74f74b5-3f8a-42ee-b742-84aff7f75f08] INFO  o.eclipse.m2e.core.internal.Bundles - 	Entry: C:\Users\Acer\.p2\pool\plugins\org.eclipse.m2e.maven.runtime_3.8.701.20230209-1606\jars\maven-shared-utils-3.3.4.jar
2023-07-31 12:44:45,781 [Worker-60: Launching mavenrun-b74f74b5-3f8a-42ee-b742-84aff7f75f08] INFO  o.eclipse.m2e.core.internal.Bundles - 	Entry: C:\Users\Acer\.p2\pool\plugins\org.eclipse.m2e.maven.runtime_3.8.701.20230209-1606\jars\okhttp-3.14.1.jar
2023-07-31 12:44:45,781 [Worker-60: Launching mavenrun-b74f74b5-3f8a-42ee-b742-84aff7f75f08] INFO  o.eclipse.m2e.core.internal.Bundles - 	Entry: C:\Users\Acer\.p2\pool\plugins\org.eclipse.m2e.maven.runtime_3.8.701.20230209-1606\jars\okio-1.17.3.jar
2023-07-31 12:44:45,781 [Worker-60: Launching mavenrun-b74f74b5-3f8a-42ee-b742-84aff7f75f08] INFO  o.eclipse.m2e.core.internal.Bundles - 	Entry: C:\Users\Acer\.p2\pool\plugins\org.eclipse.m2e.maven.runtime_3.8.701.20230209-1606\jars\org.eclipse.sisu.inject-0.3.5.jar
2023-07-31 12:44:45,781 [Worker-60: Launching mavenrun-b74f74b5-3f8a-42ee-b742-84aff7f75f08] INFO  o.eclipse.m2e.core.internal.Bundles - 	Entry: C:\Users\Acer\.p2\pool\plugins\org.eclipse.m2e.maven.runtime_3.8.701.20230209-1606\jars\org.eclipse.sisu.plexus-0.3.5.jar
2023-07-31 12:44:45,782 [Worker-60: Launching mavenrun-b74f74b5-3f8a-42ee-b742-84aff7f75f08] INFO  o.eclipse.m2e.core.internal.Bundles - 	Entry: C:\Users\Acer\.p2\pool\plugins\org.eclipse.m2e.maven.runtime_3.8.701.20230209-1606\jars\plexus-build-api-0.0.7.jar
2023-07-31 12:44:45,782 [Worker-60: Launching mavenrun-b74f74b5-3f8a-42ee-b742-84aff7f75f08] INFO  o.eclipse.m2e.core.internal.Bundles - 	Entry: C:\Users\Acer\.p2\pool\plugins\org.eclipse.m2e.maven.runtime_3.8.701.20230209-1606\jars\plexus-cipher-2.0.jar
2023-07-31 12:44:45,782 [Worker-60: Launching mavenrun-b74f74b5-3f8a-42ee-b742-84aff7f75f08] INFO  o.eclipse.m2e.core.internal.Bundles - 	Entry: C:\Users\Acer\.p2\pool\plugins\org.eclipse.m2e.maven.runtime_3.8.701.20230209-1606\jars\plexus-classworlds-2.6.0.jar
2023-07-31 12:44:45,782 [Worker-60: Launching mavenrun-b74f74b5-3f8a-42ee-b742-84aff7f75f08] INFO  o.eclipse.m2e.core.internal.Bundles - 	Entry: C:\Users\Acer\.p2\pool\plugins\org.eclipse.m2e.maven.runtime_3.8.701.20230209-1606\jars\plexus-component-annotations-2.1.0.jar
2023-07-31 12:44:45,782 [Worker-60: Launching mavenrun-b74f74b5-3f8a-42ee-b742-84aff7f75f08] INFO  o.eclipse.m2e.core.internal.Bundles - 	Entry: C:\Users\Acer\.p2\pool\plugins\org.eclipse.m2e.maven.runtime_3.8.701.20230209-1606\jars\plexus-interpolation-1.26.jar
2023-07-31 12:44:45,782 [Worker-60: Launching mavenrun-b74f74b5-3f8a-42ee-b742-84aff7f75f08] INFO  o.eclipse.m2e.core.internal.Bundles - 	Entry: C:\Users\Acer\.p2\pool\plugins\org.eclipse.m2e.maven.runtime_3.8.701.20230209-1606\jars\plexus-sec-dispatcher-2.0.jar
2023-07-31 12:44:45,782 [Worker-60: Launching mavenrun-b74f74b5-3f8a-42ee-b742-84aff7f75f08] INFO  o.eclipse.m2e.core.internal.Bundles - 	Entry: C:\Users\Acer\.p2\pool\plugins\org.eclipse.m2e.maven.runtime_3.8.701.20230209-1606\jars\plexus-utils-3.3.1.jar
2023-07-31 12:44:45,782 [Worker-60: Launching mavenrun-b74f74b5-3f8a-42ee-b742-84aff7f75f08] INFO  o.eclipse.m2e.core.internal.Bundles - 	Entry: C:\Users\Acer\.p2\pool\plugins\org.eclipse.m2e.maven.runtime_3.8.701.20230209-1606\jars\wagon-file-3.5.3.jar
2023-07-31 12:44:45,783 [Worker-60: Launching mavenrun-b74f74b5-3f8a-42ee-b742-84aff7f75f08] INFO  o.eclipse.m2e.core.internal.Bundles - 	Entry: C:\Users\Acer\.p2\pool\plugins\org.eclipse.m2e.maven.runtime_3.8.701.20230209-1606\jars\wagon-provider-api-3.5.3.jar
2023-07-31 12:44:45,784 [Worker-60: Launching mavenrun-b74f74b5-3f8a-42ee-b742-84aff7f75f08] INFO  o.eclipse.m2e.core.internal.Bundles - getClasspathEntries(Bundle=com.google.guava_31.1.0.jre [11])
2023-07-31 12:44:45,784 [Worker-60: Launching mavenrun-b74f74b5-3f8a-42ee-b742-84aff7f75f08] INFO  o.eclipse.m2e.core.internal.Bundles - 	Entry: C:\Users\Acer\.p2\pool\plugins\com.google.guava_31.1.0.jre.jar
2023-07-31 12:44:45,784 [Worker-60: Launching mavenrun-b74f74b5-3f8a-42ee-b742-84aff7f75f08] INFO  o.eclipse.m2e.core.internal.Bundles - getClasspathEntries(Bundle=slf4j.api_1.7.36 [923])
2023-07-31 12:44:45,785 [Worker-60: Launching mavenrun-b74f74b5-3f8a-42ee-b742-84aff7f75f08] INFO  o.eclipse.m2e.core.internal.Bundles - 	Entry: C:\Users\Acer\.p2\pool\plugins\slf4j.api_1.7.36.jar
2023-07-31 12:44:45,785 [Worker-60: Launching mavenrun-b74f74b5-3f8a-42ee-b742-84aff7f75f08] INFO  o.eclipse.m2e.core.internal.Bundles - getClasspathEntries(Bundle=javax.inject_1.0.0.v20220405-0441 [35])
2023-07-31 12:44:46,351 [Worker-60: Launching mavenrun-b74f74b5-3f8a-42ee-b742-84aff7f75f08] INFO  o.eclipse.m2e.core.internal.Bundles - 	Entry: C:\Users\Acer\.p2\pool\plugins\javax.inject_1.0.0.v20220405-0441.jar
2023-07-31 12:44:46,351 [Worker-60: Launching mavenrun-b74f74b5-3f8a-42ee-b742-84aff7f75f08] INFO  o.eclipse.m2e.core.internal.Bundles - getClasspathEntries(Bundle=javax.annotation_1.3.5.v20221203-1659 [33])
2023-07-31 12:44:46,887 [Worker-60: Launching mavenrun-b74f74b5-3f8a-42ee-b742-84aff7f75f08] INFO  o.eclipse.m2e.core.internal.Bundles - 	Entry: C:\Users\Acer\.p2\pool\plugins\javax.annotation_1.3.5.v20221203-1659.jar
2023-07-31 12:44:46,887 [Worker-60: Launching mavenrun-b74f74b5-3f8a-42ee-b742-84aff7f75f08] INFO  o.eclipse.m2e.core.internal.Bundles - getClasspathEntries(Bundle=org.apache.commons.cli_1.4.0.v20221112-0806 [67])
2023-07-31 12:44:46,888 [Worker-60: Launching mavenrun-b74f74b5-3f8a-42ee-b742-84aff7f75f08] INFO  o.eclipse.m2e.core.internal.Bundles - 	Entry: C:\Users\Acer\.p2\pool\plugins\org.apache.commons.cli_1.4.0.v20221112-0806.jar
2023-07-31 12:44:46,888 [Worker-60: Launching mavenrun-b74f74b5-3f8a-42ee-b742-84aff7f75f08] INFO  o.eclipse.m2e.core.internal.Bundles - getClasspathEntries(Bundle=com.google.guava.failureaccess_1.0.1 [13])
2023-07-31 12:44:46,969 [Worker-60: Launching mavenrun-b74f74b5-3f8a-42ee-b742-84aff7f75f08] INFO  o.eclipse.m2e.core.internal.Bundles - 	Entry: C:\Users\Acer\.p2\pool\plugins\com.google.guava.failureaccess_1.0.1.jar
2023-07-31 12:44:47,000 [Worker-60: Launching mavenrun-b74f74b5-3f8a-42ee-b742-84aff7f75f08] INFO  o.e.m.i.launch.MavenLaunchDelegate - Run build in "C:\Users\Acer\AppData\Local\Temp\m2e-archetypeGenerator10281463153271908119":
2023-07-31 12:44:47,001 [Worker-60: Launching mavenrun-b74f74b5-3f8a-42ee-b742-84aff7f75f08] INFO  o.e.m.i.launch.MavenLaunchDelegate -  mvn  -DarchetypeGroupId=org.apache.maven.archetypes -DarchetypeArtifactId=maven-archetype-quickstart -DarchetypeVersion=1.4 -DgroupId=com.jspiders -DartifactId=springcore -Dversion=0.0.1-SNAPSHOT -Dpackage=com.jspiders.springcore -DoutputDirectory="D:\java\Advance Java Mock" -B -Dstyle.color=always -U archetype:generate
2023-07-31 12:45:48,084 [Worker-57: Creating maven-archetype-quickstart] INFO  o.e.m.c.i.p.ProjectConfigurationManager - Collecting project info '/pom.xml' D:\java\Advance Java Mock\springcore\pom.xml
2023-07-31 12:46:00,846 [Worker-57: Creating maven-archetype-quickstart] INFO  o.e.m.c.i.l.LifecycleMappingFactory - Using org.eclipse.m2e.jdt.JarLifecycleMapping lifecycle mapping for MavenProject: com.jspiders:springcore:0.0.1-SNAPSHOT @ D:\java\Advance Java Mock\springcore\pom.xml.
2023-07-31 12:46:04,273 [Worker-57: Creating maven-archetype-quickstart] INFO  o.e.m.j.i.AbstractJavaProjectConfigurator - Adding source folder /springcore/src/main/java
2023-07-31 12:46:04,285 [Worker-57: Creating maven-archetype-quickstart] INFO  o.e.m.j.i.AbstractJavaProjectConfigurator - Adding source folder /springcore/src/test/java
2023-07-31 12:46:05,187 [Worker-57: Creating maven-archetype-quickstart] INFO  o.e.m.c.i.p.ProjectConfigurationManager - Imported and configured 1 project(s) in 17 sec
2023-07-31 12:46:06,471 [Worker-61: Building] INFO  o.e.m.c.i.embedder.EclipseLogger - Using 'UTF-8' encoding to copy filtered resources.
2023-07-31 12:46:06,472 [Worker-61: Building] INFO  o.e.m.c.i.embedder.EclipseLogger - skip non existing resourceDirectory D:\java\Advance Java Mock\springcore\src\main\resources
2023-07-31 12:46:06,474 [Worker-61: Building] INFO  o.e.m.c.i.embedder.EclipseLogger - Using 'UTF-8' encoding to copy filtered resources.
2023-07-31 12:46:06,475 [Worker-61: Building] INFO  o.e.m.c.i.embedder.EclipseLogger - skip non existing resourceDirectory D:\java\Advance Java Mock\springcore\src\test\resources
2023-07-31 12:46:58,140 [Worker-61: Building] INFO  o.e.m.c.i.embedder.EclipseLogger - Using 'UTF-8' encoding to copy filtered resources.
2023-07-31 12:46:58,140 [Worker-61: Building] INFO  o.e.m.c.i.embedder.EclipseLogger - skip non existing resourceDirectory D:\java\Advance Java Mock\springcore\src\main\resources
2023-07-31 12:46:58,142 [Worker-61: Building] INFO  o.e.m.c.i.embedder.EclipseLogger - Using 'UTF-8' encoding to copy filtered resources.
2023-07-31 12:46:58,142 [Worker-61: Building] INFO  o.e.m.c.i.embedder.EclipseLogger - skip non existing resourceDirectory D:\java\Advance Java Mock\springcore\src\test\resources
2023-07-31 12:47:01,277 [Worker-61: Building] INFO  o.e.m.c.i.embedder.EclipseLogger - Using 'UTF-8' encoding to copy filtered resources.
2023-07-31 12:47:01,277 [Worker-61: Building] INFO  o.e.m.c.i.embedder.EclipseLogger - skip non existing resourceDirectory D:\java\Advance Java Mock\springcore\src\main\resources
2023-07-31 12:47:01,280 [Worker-61: Building] INFO  o.e.m.c.i.embedder.EclipseLogger - Using 'UTF-8' encoding to copy filtered resources.
2023-07-31 12:47:01,280 [Worker-61: Building] INFO  o.e.m.c.i.embedder.EclipseLogger - skip non existing resourceDirectory D:\java\Advance Java Mock\springcore\src\test\resources
2023-07-31 12:47:01,792 [Worker-60: Building Project springcore] INFO  o.e.m.c.i.embedder.EclipseLogger - Using 'UTF-8' encoding to copy filtered resources.
2023-07-31 12:47:01,793 [Worker-60: Building Project springcore] INFO  o.e.m.c.i.embedder.EclipseLogger - skip non existing resourceDirectory D:\java\Advance Java Mock\springcore\src\main\resources
2023-07-31 12:47:01,796 [Worker-60: Building Project springcore] INFO  o.e.m.c.i.embedder.EclipseLogger - Using 'UTF-8' encoding to copy filtered resources.
2023-07-31 12:47:01,796 [Worker-60: Building Project springcore] INFO  o.e.m.c.i.embedder.EclipseLogger - skip non existing resourceDirectory D:\java\Advance Java Mock\springcore\src\test\resources
2023-07-31 12:47:10,004 [Worker-60: Building Project springcore] INFO  o.e.m.c.i.embedder.EclipseLogger - Using 'UTF-8' encoding to copy filtered resources.
2023-07-31 12:47:10,004 [Worker-60: Building Project springcore] INFO  o.e.m.c.i.embedder.EclipseLogger - skip non existing resourceDirectory D:\java\Advance Java Mock\springcore\src\main\resources
2023-07-31 12:47:10,006 [Worker-60: Building Project springcore] INFO  o.e.m.c.i.embedder.EclipseLogger - Using 'UTF-8' encoding to copy filtered resources.
2023-07-31 12:47:10,007 [Worker-60: Building Project springcore] INFO  o.e.m.c.i.embedder.EclipseLogger - skip non existing resourceDirectory D:\java\Advance Java Mock\springcore\src\test\resources
2023-07-31 12:59:54,536 [Worker-57: Building] INFO  o.e.m.c.i.l.LifecycleMappingFactory - Using org.eclipse.m2e.jdt.JarLifecycleMapping lifecycle mapping for MavenProject: com.jspiders:springcore:0.0.1-SNAPSHOT @ D:\java\Advance Java Mock\springcore\pom.xml.
2023-07-31 12:59:56,877 [Worker-57: Building] INFO  o.e.m.c.i.embedder.EclipseLogger - Using 'UTF-8' encoding to copy filtered resources.
2023-07-31 12:59:56,877 [Worker-57: Building] INFO  o.e.m.c.i.embedder.EclipseLogger - skip non existing resourceDirectory D:\java\Advance Java Mock\springcore\src\main\resources
2023-07-31 12:59:56,880 [Worker-57: Building] INFO  o.e.m.c.i.embedder.EclipseLogger - Using 'UTF-8' encoding to copy filtered resources.
2023-07-31 12:59:56,880 [Worker-57: Building] INFO  o.e.m.c.i.embedder.EclipseLogger - skip non existing resourceDirectory D:\java\Advance Java Mock\springcore\src\test\resources
2023-12-14 18:01:58,177 [Worker-8: Loading available Gradle versions] INFO  o.e.b.c.i.u.g.PublishedGradleVersions - Gradle version information cache is out-of-date. Trying to update.
2023-12-19 09:39:01,223 [Worker-3: Loading available Gradle versions] INFO  o.e.b.c.i.u.g.PublishedGradleVersions - Gradle version information cache is out-of-date. Trying to update.
2024-04-10 14:20:48,191 [Worker-5: Loading available Gradle versions] INFO  o.e.b.c.i.u.g.PublishedGradleVersions - Gradle version information cache is out-of-date. Trying to update.
2024-04-11 14:30:38,102 [Worker-5: Loading available Gradle versions] INFO  o.e.b.c.i.u.g.PublishedGradleVersions - Gradle version information cache is out-of-date. Trying to update.
